0 info it worked if it ends with ok
1 verbose cli [ 'C:\\Program Files\\nodejs\\node.exe',
1 verbose cli   'C:\\Program Files\\nodejs\\node_modules\\npm\\bin\\npm-cli.js',
1 verbose cli   'install',
1 verbose cli   '--save-dev',
1 verbose cli   'gulp-bundle' ]
2 info using npm@3.10.10
3 info using node@v6.11.0
4 silly loadCurrentTree Starting
5 silly install loadCurrentTree
6 silly install readLocalPackageData
7 silly fetchPackageMetaData gulp-bundle
8 silly fetchNamedPackageData gulp-bundle
9 silly mapToRegistry name gulp-bundle
10 silly mapToRegistry using default registry
11 silly mapToRegistry registry https://registry.npmjs.org/
12 silly mapToRegistry data Result {
12 silly mapToRegistry   raw: 'gulp-bundle',
12 silly mapToRegistry   scope: null,
12 silly mapToRegistry   escapedName: 'gulp-bundle',
12 silly mapToRegistry   name: 'gulp-bundle',
12 silly mapToRegistry   rawSpec: '',
12 silly mapToRegistry   spec: 'latest',
12 silly mapToRegistry   type: 'tag' }
13 silly mapToRegistry uri https://registry.npmjs.org/gulp-bundle
14 verbose request uri https://registry.npmjs.org/gulp-bundle
15 verbose request no auth needed
16 info attempt registry request try #1 at 3:36:15 PM
17 verbose request id ef247de3e5a3cb9b
18 verbose etag W/"535fa915-2afc"
19 verbose lastModified Tue, 29 Apr 2014 13:28:53 GMT
20 http request GET https://registry.npmjs.org/gulp-bundle
21 http 304 https://registry.npmjs.org/gulp-bundle
22 verbose headers { date: 'Sat, 21 Oct 2017 07:34:47 GMT',
22 verbose headers   via: '1.1 varnish',
22 verbose headers   'cache-control': 'max-age=300',
22 verbose headers   etag: 'W/"535fa915-2afc"',
22 verbose headers   age: '50',
22 verbose headers   connection: 'keep-alive',
22 verbose headers   'x-served-by': 'cache-bma7026-BMA',
22 verbose headers   'x-cache': 'HIT',
22 verbose headers   'x-cache-hits': '1',
22 verbose headers   'x-timer': 'S1508571288.645147,VS0,VE0',
22 verbose headers   vary: 'Accept-Encoding, Accept' }
23 silly get cb [ 304,
23 silly get   { date: 'Sat, 21 Oct 2017 07:34:47 GMT',
23 silly get     via: '1.1 varnish',
23 silly get     'cache-control': 'max-age=300',
23 silly get     etag: 'W/"535fa915-2afc"',
23 silly get     age: '50',
23 silly get     connection: 'keep-alive',
23 silly get     'x-served-by': 'cache-bma7026-BMA',
23 silly get     'x-cache': 'HIT',
23 silly get     'x-cache-hits': '1',
23 silly get     'x-timer': 'S1508571288.645147,VS0,VE0',
23 silly get     vary: 'Accept-Encoding, Accept' } ]
24 verbose etag https://registry.npmjs.org/gulp-bundle from cache
25 verbose get saving gulp-bundle to C:\Users\user\AppData\Roaming\npm-cache\registry.npmjs.org\gulp-bundle\.cache.json
26 verbose correctMkdir C:\Users\user\AppData\Roaming\npm-cache correctMkdir not in flight; initializing
27 silly install normalizeTree
28 silly loadCurrentTree Finishing
29 silly loadIdealTree Starting
30 silly install loadIdealTree
31 silly cloneCurrentTree Starting
32 silly install cloneCurrentTreeToIdealTree
33 silly cloneCurrentTree Finishing
34 silly loadShrinkwrap Starting
35 silly install loadShrinkwrap
36 silly loadShrinkwrap Finishing
37 silly loadAllDepsIntoIdealTree Starting
38 silly install loadAllDepsIntoIdealTree
39 silly resolveWithNewModule gulp-bundle@0.2.3 checking installable status
40 silly cache add args [ 'gulp-bundle', null ]
41 verbose cache add spec gulp-bundle
42 silly cache add parsed spec Result {
42 silly cache add   raw: 'gulp-bundle',
42 silly cache add   scope: null,
42 silly cache add   escapedName: 'gulp-bundle',
42 silly cache add   name: 'gulp-bundle',
42 silly cache add   rawSpec: '',
42 silly cache add   spec: 'latest',
42 silly cache add   type: 'tag' }
43 silly addNamed gulp-bundle@latest
44 verbose addNamed "latest" is being treated as a dist-tag for gulp-bundle
45 info addNameTag [ 'gulp-bundle', 'latest' ]
46 silly mapToRegistry name gulp-bundle
47 silly mapToRegistry using default registry
48 silly mapToRegistry registry https://registry.npmjs.org/
49 silly mapToRegistry data Result {
49 silly mapToRegistry   raw: 'gulp-bundle',
49 silly mapToRegistry   scope: null,
49 silly mapToRegistry   escapedName: 'gulp-bundle',
49 silly mapToRegistry   name: 'gulp-bundle',
49 silly mapToRegistry   rawSpec: '',
49 silly mapToRegistry   spec: 'latest',
49 silly mapToRegistry   type: 'tag' }
50 silly mapToRegistry uri https://registry.npmjs.org/gulp-bundle
51 verbose addNameTag registry:https://registry.npmjs.org/gulp-bundle not in flight; fetching
52 verbose get https://registry.npmjs.org/gulp-bundle not expired, no request
53 silly addNameTag next cb for gulp-bundle with tag latest
54 silly addNamed gulp-bundle@0.2.3
55 verbose addNamed "0.2.3" is a plain semver version for gulp-bundle
56 silly cache afterAdd gulp-bundle@0.2.3
57 verbose afterAdd C:\Users\user\AppData\Roaming\npm-cache\gulp-bundle\0.2.3\package\package.json not in flight; writing
58 verbose correctMkdir C:\Users\user\AppData\Roaming\npm-cache correctMkdir not in flight; initializing
59 verbose afterAdd C:\Users\user\AppData\Roaming\npm-cache\gulp-bundle\0.2.3\package\package.json written
60 silly fetchNamedPackageData glob
61 silly mapToRegistry name glob
62 silly mapToRegistry using default registry
63 silly mapToRegistry registry https://registry.npmjs.org/
64 silly mapToRegistry data Result {
64 silly mapToRegistry   raw: 'glob',
64 silly mapToRegistry   scope: null,
64 silly mapToRegistry   escapedName: 'glob',
64 silly mapToRegistry   name: 'glob',
64 silly mapToRegistry   rawSpec: '',
64 silly mapToRegistry   spec: 'latest',
64 silly mapToRegistry   type: 'tag' }
65 silly mapToRegistry uri https://registry.npmjs.org/glob
66 silly fetchNamedPackageData gulp
67 silly mapToRegistry name gulp
68 silly mapToRegistry using default registry
69 silly mapToRegistry registry https://registry.npmjs.org/
70 silly mapToRegistry data Result {
70 silly mapToRegistry   raw: 'gulp',
70 silly mapToRegistry   scope: null,
70 silly mapToRegistry   escapedName: 'gulp',
70 silly mapToRegistry   name: 'gulp',
70 silly mapToRegistry   rawSpec: '',
70 silly mapToRegistry   spec: 'latest',
70 silly mapToRegistry   type: 'tag' }
71 silly mapToRegistry uri https://registry.npmjs.org/gulp
72 silly fetchNamedPackageData gulp-concat
73 silly mapToRegistry name gulp-concat
74 silly mapToRegistry using default registry
75 silly mapToRegistry registry https://registry.npmjs.org/
76 silly mapToRegistry data Result {
76 silly mapToRegistry   raw: 'gulp-concat',
76 silly mapToRegistry   scope: null,
76 silly mapToRegistry   escapedName: 'gulp-concat',
76 silly mapToRegistry   name: 'gulp-concat',
76 silly mapToRegistry   rawSpec: '',
76 silly mapToRegistry   spec: 'latest',
76 silly mapToRegistry   type: 'tag' }
77 silly mapToRegistry uri https://registry.npmjs.org/gulp-concat
78 silly fetchNamedPackageData gulp-if
79 silly mapToRegistry name gulp-if
80 silly mapToRegistry using default registry
81 silly mapToRegistry registry https://registry.npmjs.org/
82 silly mapToRegistry data Result {
82 silly mapToRegistry   raw: 'gulp-if',
82 silly mapToRegistry   scope: null,
82 silly mapToRegistry   escapedName: 'gulp-if',
82 silly mapToRegistry   name: 'gulp-if',
82 silly mapToRegistry   rawSpec: '',
82 silly mapToRegistry   spec: 'latest',
82 silly mapToRegistry   type: 'tag' }
83 silly mapToRegistry uri https://registry.npmjs.org/gulp-if
84 silly fetchNamedPackageData gulp-minify-css
85 silly mapToRegistry name gulp-minify-css
86 silly mapToRegistry using default registry
87 silly mapToRegistry registry https://registry.npmjs.org/
88 silly mapToRegistry data Result {
88 silly mapToRegistry   raw: 'gulp-minify-css',
88 silly mapToRegistry   scope: null,
88 silly mapToRegistry   escapedName: 'gulp-minify-css',
88 silly mapToRegistry   name: 'gulp-minify-css',
88 silly mapToRegistry   rawSpec: '',
88 silly mapToRegistry   spec: 'latest',
88 silly mapToRegistry   type: 'tag' }
89 silly mapToRegistry uri https://registry.npmjs.org/gulp-minify-css
90 silly fetchNamedPackageData gulp-uglify
91 silly mapToRegistry name gulp-uglify
92 silly mapToRegistry using default registry
93 silly mapToRegistry registry https://registry.npmjs.org/
94 silly mapToRegistry data Result {
94 silly mapToRegistry   raw: 'gulp-uglify',
94 silly mapToRegistry   scope: null,
94 silly mapToRegistry   escapedName: 'gulp-uglify',
94 silly mapToRegistry   name: 'gulp-uglify',
94 silly mapToRegistry   rawSpec: '',
94 silly mapToRegistry   spec: 'latest',
94 silly mapToRegistry   type: 'tag' }
95 silly mapToRegistry uri https://registry.npmjs.org/gulp-uglify
96 silly fetchNamedPackageData lodash
97 silly mapToRegistry name lodash
98 silly mapToRegistry using default registry
99 silly mapToRegistry registry https://registry.npmjs.org/
100 silly mapToRegistry data Result {
100 silly mapToRegistry   raw: 'lodash',
100 silly mapToRegistry   scope: null,
100 silly mapToRegistry   escapedName: 'lodash',
100 silly mapToRegistry   name: 'lodash',
100 silly mapToRegistry   rawSpec: '',
100 silly mapToRegistry   spec: 'latest',
100 silly mapToRegistry   type: 'tag' }
101 silly mapToRegistry uri https://registry.npmjs.org/lodash
102 silly fetchNamedPackageData useref
103 silly mapToRegistry name useref
104 silly mapToRegistry using default registry
105 silly mapToRegistry registry https://registry.npmjs.org/
106 silly mapToRegistry data Result {
106 silly mapToRegistry   raw: 'useref',
106 silly mapToRegistry   scope: null,
106 silly mapToRegistry   escapedName: 'useref',
106 silly mapToRegistry   name: 'useref',
106 silly mapToRegistry   rawSpec: '',
106 silly mapToRegistry   spec: 'latest',
106 silly mapToRegistry   type: 'tag' }
107 silly mapToRegistry uri https://registry.npmjs.org/useref
108 verbose request uri https://registry.npmjs.org/glob
109 verbose request no auth needed
110 info attempt registry request try #1 at 3:36:16 PM
111 verbose etag W/"59e66b01-1ffdd"
112 verbose lastModified Tue, 17 Oct 2017 20:41:37 GMT
113 http request GET https://registry.npmjs.org/glob
114 verbose request uri https://registry.npmjs.org/gulp
115 verbose request no auth needed
116 info attempt registry request try #1 at 3:36:16 PM
117 verbose etag W/"59e7059e-1d88d"
118 verbose lastModified Wed, 18 Oct 2017 07:41:18 GMT
119 http request GET https://registry.npmjs.org/gulp
120 verbose request uri https://registry.npmjs.org/gulp-concat
121 verbose request no auth needed
122 info attempt registry request try #1 at 3:36:16 PM
123 verbose etag W/"59e5b30e-a4fa"
124 verbose lastModified Tue, 17 Oct 2017 07:36:46 GMT
125 http request GET https://registry.npmjs.org/gulp-concat
126 verbose request uri https://registry.npmjs.org/gulp-minify-css
127 verbose request no auth needed
128 info attempt registry request try #1 at 3:36:16 PM
129 verbose etag W/"59d4fdd0-10154"
130 verbose lastModified Wed, 04 Oct 2017 15:27:12 GMT
131 http request GET https://registry.npmjs.org/gulp-minify-css
132 verbose request uri https://registry.npmjs.org/gulp-if
133 verbose request no auth needed
134 info attempt registry request try #1 at 3:36:16 PM
135 verbose etag W/"59e5b633-6b8d"
136 verbose lastModified Tue, 17 Oct 2017 07:50:11 GMT
137 http request GET https://registry.npmjs.org/gulp-if
138 verbose request uri https://registry.npmjs.org/useref
139 verbose request no auth needed
140 info attempt registry request try #1 at 3:36:16 PM
141 verbose etag W/"59dd5e7c-3ba9"
142 verbose lastModified Tue, 10 Oct 2017 23:57:48 GMT
143 http request GET https://registry.npmjs.org/useref
144 verbose request uri https://registry.npmjs.org/gulp-uglify
145 verbose request no auth needed
146 info attempt registry request try #1 at 3:36:16 PM
147 verbose etag W/"59e9bf16-e316"
148 verbose lastModified Fri, 20 Oct 2017 09:17:10 GMT
149 http request GET https://registry.npmjs.org/gulp-uglify
150 verbose request uri https://registry.npmjs.org/lodash
151 verbose request no auth needed
152 info attempt registry request try #1 at 3:36:16 PM
153 verbose etag W/"59ea1cd4-2a14f"
154 verbose lastModified Fri, 20 Oct 2017 15:57:08 GMT
155 http request GET https://registry.npmjs.org/lodash
156 http 304 https://registry.npmjs.org/glob
157 verbose headers { date: 'Sat, 21 Oct 2017 07:34:48 GMT',
157 verbose headers   via: '1.1 varnish',
157 verbose headers   'cache-control': 'max-age=300',
157 verbose headers   etag: 'W/"59e66b01-1ffdd"',
157 verbose headers   age: '289',
157 verbose headers   connection: 'keep-alive',
157 verbose headers   'x-served-by': 'cache-bma7026-BMA',
157 verbose headers   'x-cache': 'HIT',
157 verbose headers   'x-cache-hits': '5',
157 verbose headers   'x-timer': 'S1508571289.730354,VS0,VE0',
157 verbose headers   vary: 'Accept-Encoding, Accept' }
158 silly get cb [ 304,
158 silly get   { date: 'Sat, 21 Oct 2017 07:34:48 GMT',
158 silly get     via: '1.1 varnish',
158 silly get     'cache-control': 'max-age=300',
158 silly get     etag: 'W/"59e66b01-1ffdd"',
158 silly get     age: '289',
158 silly get     connection: 'keep-alive',
158 silly get     'x-served-by': 'cache-bma7026-BMA',
158 silly get     'x-cache': 'HIT',
158 silly get     'x-cache-hits': '5',
158 silly get     'x-timer': 'S1508571289.730354,VS0,VE0',
158 silly get     vary: 'Accept-Encoding, Accept' } ]
159 verbose etag https://registry.npmjs.org/glob from cache
160 verbose get saving glob to C:\Users\user\AppData\Roaming\npm-cache\registry.npmjs.org\glob\.cache.json
161 verbose correctMkdir C:\Users\user\AppData\Roaming\npm-cache correctMkdir not in flight; initializing
162 silly resolveWithNewModule glob@3.2.11 checking installable status
163 silly cache add args [ 'glob@~3.2.8', null ]
164 verbose cache add spec glob@~3.2.8
165 silly cache add parsed spec Result {
165 silly cache add   raw: 'glob@~3.2.8',
165 silly cache add   scope: null,
165 silly cache add   escapedName: 'glob',
165 silly cache add   name: 'glob',
165 silly cache add   rawSpec: '~3.2.8',
165 silly cache add   spec: '>=3.2.8 <3.3.0',
165 silly cache add   type: 'range' }
166 silly addNamed glob@>=3.2.8 <3.3.0
167 verbose addNamed ">=3.2.8 <3.3.0" is a valid semver range for glob
168 silly addNameRange { name: 'glob', range: '>=3.2.8 <3.3.0', hasData: false }
169 silly mapToRegistry name glob
170 silly mapToRegistry using default registry
171 silly mapToRegistry registry https://registry.npmjs.org/
172 silly mapToRegistry data Result {
172 silly mapToRegistry   raw: 'glob',
172 silly mapToRegistry   scope: null,
172 silly mapToRegistry   escapedName: 'glob',
172 silly mapToRegistry   name: 'glob',
172 silly mapToRegistry   rawSpec: '',
172 silly mapToRegistry   spec: 'latest',
172 silly mapToRegistry   type: 'tag' }
173 silly mapToRegistry uri https://registry.npmjs.org/glob
174 verbose addNameRange registry:https://registry.npmjs.org/glob not in flight; fetching
175 verbose get https://registry.npmjs.org/glob not expired, no request
176 silly addNameRange number 2 { name: 'glob', range: '>=3.2.8 <3.3.0', hasData: true }
177 silly addNameRange versions [ 'glob',
177 silly addNameRange   [ '1.1.0',
177 silly addNameRange     '2.0.9',
177 silly addNameRange     '2.0.8',
177 silly addNameRange     '2.0.7',
177 silly addNameRange     '2.1.0',
177 silly addNameRange     '3.0.0',
177 silly addNameRange     '3.0.1',
177 silly addNameRange     '3.1.0',
177 silly addNameRange     '3.1.1',
177 silly addNameRange     '3.1.2',
177 silly addNameRange     '3.1.3',
177 silly addNameRange     '3.1.4',
177 silly addNameRange     '3.1.5',
177 silly addNameRange     '3.1.6',
177 silly addNameRange     '3.1.7',
177 silly addNameRange     '3.1.9',
177 silly addNameRange     '3.1.10',
177 silly addNameRange     '3.1.11',
177 silly addNameRange     '3.1.12',
177 silly addNameRange     '3.1.13',
177 silly addNameRange     '3.1.14',
177 silly addNameRange     '3.1.15',
177 silly addNameRange     '3.1.16',
177 silly addNameRange     '3.1.17',
177 silly addNameRange     '3.1.18',
177 silly addNameRange     '3.1.19',
177 silly addNameRange     '3.1.20',
177 silly addNameRange     '3.1.21',
177 silly addNameRange     '3.2.0',
177 silly addNameRange     '3.2.1',
177 silly addNameRange     '3.2.3',
177 silly addNameRange     '3.2.4',
177 silly addNameRange     '3.2.5',
177 silly addNameRange     '3.2.6',
177 silly addNameRange     '3.2.7',
177 silly addNameRange     '3.2.8',
177 silly addNameRange     '3.2.9',
177 silly addNameRange     '3.2.10',
177 silly addNameRange     '3.2.11',
177 silly addNameRange     '4.0.0',
177 silly addNameRange     '4.0.1',
177 silly addNameRange     '4.0.2',
177 silly addNameRange     '4.0.3',
177 silly addNameRange     '4.0.4',
177 silly addNameRange     '4.0.5',
177 silly addNameRange     '4.0.6',
177 silly addNameRange     '4.1.2-beta',
177 silly addNameRange     '4.1.2',
177 silly addNameRange     '4.1.3',
177 silly addNameRange     '4.1.4',
177 silly addNameRange     '4.1.5',
177 silly addNameRange     '4.1.6',
177 silly addNameRange     '4.2.0',
177 silly addNameRange     '4.2.1',
177 silly addNameRange     '4.2.2',
177 silly addNameRange     '4.3.0',
177 silly addNameRange     '4.3.1',
177 silly addNameRange     '4.3.2',
177 silly addNameRange     '4.3.3',
177 silly addNameRange     '4.3.4',
177 silly addNameRange     '4.3.5',
177 silly addNameRange     '4.4.0',
177 silly addNameRange     '4.4.2',
177 silly addNameRange     '4.5.0',
177 silly addNameRange     '5.0.0',
177 silly addNameRange     '4.5.1',
177 silly addNameRange     '5.0.1',
177 silly addNameRange     '4.5.2',
177 silly addNameRange     '5.0.2',
177 silly addNameRange     '4.5.3',
177 silly addNameRange     '5.0.3',
177 silly addNameRange     '5.0.4',
177 silly addNameRange     '5.0.5',
177 silly addNameRange     '5.0.6',
177 silly addNameRange     '5.0.7',
177 silly addNameRange     '5.0.9',
177 silly addNameRange     '5.0.10',
177 silly addNameRange     '5.0.11',
177 silly addNameRange     '5.0.12',
177 silly addNameRange     '5.0.13',
177 silly addNameRange     '5.0.14',
177 silly addNameRange     '5.0.15',
177 silly addNameRange     '6.0.1',
177 silly addNameRange     '6.0.2',
177 silly addNameRange     '6.0.3',
177 silly addNameRange     '6.0.4',
177 silly addNameRange     '7.0.0',
177 silly addNameRange     '7.0.1',
177 silly addNameRange     '7.0.3',
177 silly addNameRange     '7.0.4',
177 silly addNameRange     '7.0.5',
177 silly addNameRange     '7.0.6',
177 silly addNameRange     '7.1.0',
177 silly addNameRange     '7.1.1',
177 silly addNameRange     '7.1.2' ] ]
178 silly addNamed glob@3.2.11
179 verbose addNamed "3.2.11" is a plain semver version for glob
180 silly cache afterAdd glob@3.2.11
181 verbose afterAdd C:\Users\user\AppData\Roaming\npm-cache\glob\3.2.11\package\package.json not in flight; writing
182 verbose correctMkdir C:\Users\user\AppData\Roaming\npm-cache correctMkdir not in flight; initializing
183 verbose afterAdd C:\Users\user\AppData\Roaming\npm-cache\glob\3.2.11\package\package.json written
184 http 304 https://registry.npmjs.org/gulp
185 verbose headers { date: 'Sat, 21 Oct 2017 07:34:48 GMT',
185 verbose headers   via: '1.1 varnish',
185 verbose headers   'cache-control': 'max-age=300',
185 verbose headers   etag: 'W/"59e7059e-1d88d"',
185 verbose headers   age: '248',
185 verbose headers   connection: 'keep-alive',
185 verbose headers   'x-served-by': 'cache-bma7029-BMA',
185 verbose headers   'x-cache': 'HIT',
185 verbose headers   'x-cache-hits': '1',
185 verbose headers   'x-timer': 'S1508571289.930690,VS0,VE0',
185 verbose headers   vary: 'Accept-Encoding, Accept' }
186 silly get cb [ 304,
186 silly get   { date: 'Sat, 21 Oct 2017 07:34:48 GMT',
186 silly get     via: '1.1 varnish',
186 silly get     'cache-control': 'max-age=300',
186 silly get     etag: 'W/"59e7059e-1d88d"',
186 silly get     age: '248',
186 silly get     connection: 'keep-alive',
186 silly get     'x-served-by': 'cache-bma7029-BMA',
186 silly get     'x-cache': 'HIT',
186 silly get     'x-cache-hits': '1',
186 silly get     'x-timer': 'S1508571289.930690,VS0,VE0',
186 silly get     vary: 'Accept-Encoding, Accept' } ]
187 verbose etag https://registry.npmjs.org/gulp from cache
188 verbose get saving gulp to C:\Users\user\AppData\Roaming\npm-cache\registry.npmjs.org\gulp\.cache.json
189 verbose correctMkdir C:\Users\user\AppData\Roaming\npm-cache correctMkdir not in flight; initializing
190 http 304 https://registry.npmjs.org/gulp-concat
191 verbose headers { date: 'Sat, 21 Oct 2017 07:34:48 GMT',
191 verbose headers   via: '1.1 varnish',
191 verbose headers   'cache-control': 'max-age=300',
191 verbose headers   etag: 'W/"59e5b30e-a4fa"',
191 verbose headers   age: '49',
191 verbose headers   connection: 'keep-alive',
191 verbose headers   'x-served-by': 'cache-bma7031-BMA',
191 verbose headers   'x-cache': 'HIT',
191 verbose headers   'x-cache-hits': '2',
191 verbose headers   'x-timer': 'S1508571289.930860,VS0,VE0',
191 verbose headers   vary: 'Accept-Encoding, Accept' }
192 silly get cb [ 304,
192 silly get   { date: 'Sat, 21 Oct 2017 07:34:48 GMT',
192 silly get     via: '1.1 varnish',
192 silly get     'cache-control': 'max-age=300',
192 silly get     etag: 'W/"59e5b30e-a4fa"',
192 silly get     age: '49',
192 silly get     connection: 'keep-alive',
192 silly get     'x-served-by': 'cache-bma7031-BMA',
192 silly get     'x-cache': 'HIT',
192 silly get     'x-cache-hits': '2',
192 silly get     'x-timer': 'S1508571289.930860,VS0,VE0',
192 silly get     vary: 'Accept-Encoding, Accept' } ]
193 verbose etag https://registry.npmjs.org/gulp-concat from cache
194 verbose get saving gulp-concat to C:\Users\user\AppData\Roaming\npm-cache\registry.npmjs.org\gulp-concat\.cache.json
195 verbose correctMkdir C:\Users\user\AppData\Roaming\npm-cache correctMkdir not in flight; initializing
196 silly resolveWithNewModule gulp@3.5.6 checking installable status
197 silly cache add args [ 'gulp@~3.5.1', null ]
198 verbose cache add spec gulp@~3.5.1
199 silly cache add parsed spec Result {
199 silly cache add   raw: 'gulp@~3.5.1',
199 silly cache add   scope: null,
199 silly cache add   escapedName: 'gulp',
199 silly cache add   name: 'gulp',
199 silly cache add   rawSpec: '~3.5.1',
199 silly cache add   spec: '>=3.5.1 <3.6.0',
199 silly cache add   type: 'range' }
200 silly addNamed gulp@>=3.5.1 <3.6.0
201 verbose addNamed ">=3.5.1 <3.6.0" is a valid semver range for gulp
202 silly addNameRange { name: 'gulp', range: '>=3.5.1 <3.6.0', hasData: false }
203 silly mapToRegistry name gulp
204 silly mapToRegistry using default registry
205 silly mapToRegistry registry https://registry.npmjs.org/
206 silly mapToRegistry data Result {
206 silly mapToRegistry   raw: 'gulp',
206 silly mapToRegistry   scope: null,
206 silly mapToRegistry   escapedName: 'gulp',
206 silly mapToRegistry   name: 'gulp',
206 silly mapToRegistry   rawSpec: '',
206 silly mapToRegistry   spec: 'latest',
206 silly mapToRegistry   type: 'tag' }
207 silly mapToRegistry uri https://registry.npmjs.org/gulp
208 verbose addNameRange registry:https://registry.npmjs.org/gulp not in flight; fetching
209 silly resolveWithNewModule gulp-concat@2.1.7 checking installable status
210 silly cache add args [ 'gulp-concat@~2.1.7', null ]
211 verbose cache add spec gulp-concat@~2.1.7
212 silly cache add parsed spec Result {
212 silly cache add   raw: 'gulp-concat@~2.1.7',
212 silly cache add   scope: null,
212 silly cache add   escapedName: 'gulp-concat',
212 silly cache add   name: 'gulp-concat',
212 silly cache add   rawSpec: '~2.1.7',
212 silly cache add   spec: '>=2.1.7 <2.2.0',
212 silly cache add   type: 'range' }
213 silly addNamed gulp-concat@>=2.1.7 <2.2.0
214 verbose addNamed ">=2.1.7 <2.2.0" is a valid semver range for gulp-concat
215 silly addNameRange { name: 'gulp-concat', range: '>=2.1.7 <2.2.0', hasData: false }
216 silly mapToRegistry name gulp-concat
217 silly mapToRegistry using default registry
218 silly mapToRegistry registry https://registry.npmjs.org/
219 silly mapToRegistry data Result {
219 silly mapToRegistry   raw: 'gulp-concat',
219 silly mapToRegistry   scope: null,
219 silly mapToRegistry   escapedName: 'gulp-concat',
219 silly mapToRegistry   name: 'gulp-concat',
219 silly mapToRegistry   rawSpec: '',
219 silly mapToRegistry   spec: 'latest',
219 silly mapToRegistry   type: 'tag' }
220 silly mapToRegistry uri https://registry.npmjs.org/gulp-concat
221 verbose addNameRange registry:https://registry.npmjs.org/gulp-concat not in flight; fetching
222 verbose get https://registry.npmjs.org/gulp not expired, no request
223 silly addNameRange number 2 { name: 'gulp', range: '>=3.5.1 <3.6.0', hasData: true }
224 silly addNameRange versions [ 'gulp',
224 silly addNameRange   [ '0.0.1',
224 silly addNameRange     '0.0.2',
224 silly addNameRange     '0.0.3',
224 silly addNameRange     '0.0.4',
224 silly addNameRange     '0.0.5',
224 silly addNameRange     '0.0.7',
224 silly addNameRange     '0.0.8',
224 silly addNameRange     '0.0.9',
224 silly addNameRange     '0.1.0',
224 silly addNameRange     '0.2.0',
224 silly addNameRange     '1.0.0',
224 silly addNameRange     '1.1.0',
224 silly addNameRange     '1.2.0',
224 silly addNameRange     '1.2.1',
224 silly addNameRange     '2.0.0',
224 silly addNameRange     '2.0.1',
224 silly addNameRange     '2.1.0',
224 silly addNameRange     '2.2.0',
224 silly addNameRange     '2.3.0',
224 silly addNameRange     '2.4.0',
224 silly addNameRange     '2.4.1',
224 silly addNameRange     '2.6.0',
224 silly addNameRange     '2.6.1',
224 silly addNameRange     '2.7.0',
224 silly addNameRange     '3.0.0',
224 silly addNameRange     '3.1.1',
224 silly addNameRange     '3.1.2',
224 silly addNameRange     '3.1.3',
224 silly addNameRange     '3.1.4',
224 silly addNameRange     '3.2.0',
224 silly addNameRange     '3.2.1',
224 silly addNameRange     '3.2.2',
224 silly addNameRange     '3.2.3',
224 silly addNameRange     '3.2.4',
224 silly addNameRange     '3.2.5',
224 silly addNameRange     '3.3.0',
224 silly addNameRange     '3.3.1',
224 silly addNameRange     '3.3.2',
224 silly addNameRange     '3.3.4',
224 silly addNameRange     '3.4.0',
224 silly addNameRange     '3.5.0',
224 silly addNameRange     '3.5.1',
224 silly addNameRange     '3.5.2',
224 silly addNameRange     '3.5.5',
224 silly addNameRange     '3.5.6',
224 silly addNameRange     '3.6.0',
224 silly addNameRange     '3.6.1',
224 silly addNameRange     '3.6.2',
224 silly addNameRange     '3.7.0',
224 silly addNameRange     '3.8.0',
224 silly addNameRange     '3.8.1',
224 silly addNameRange     '3.8.2',
224 silly addNameRange     '3.8.3',
224 silly addNameRange     '3.8.4',
224 silly addNameRange     '3.8.5',
224 silly addNameRange     '3.8.6',
224 silly addNameRange     '3.8.7',
224 silly addNameRange     '3.8.8',
224 silly addNameRange     '3.8.9',
224 silly addNameRange     '3.8.10',
224 silly addNameRange     '3.8.11',
224 silly addNameRange     '3.9.0',
224 silly addNameRange     '3.9.1' ] ]
225 silly addNamed gulp@3.5.6
226 verbose addNamed "3.5.6" is a plain semver version for gulp
227 verbose get https://registry.npmjs.org/gulp-concat not expired, no request
228 silly addNameRange number 2 { name: 'gulp-concat', range: '>=2.1.7 <2.2.0', hasData: true }
229 silly addNameRange versions [ 'gulp-concat',
229 silly addNameRange   [ '0.0.1',
229 silly addNameRange     '1.0.0',
229 silly addNameRange     '1.1.0',
229 silly addNameRange     '2.0.0',
229 silly addNameRange     '2.1.0',
229 silly addNameRange     '2.1.1',
229 silly addNameRange     '2.1.2',
229 silly addNameRange     '2.1.3',
229 silly addNameRange     '2.1.4',
229 silly addNameRange     '2.1.5',
229 silly addNameRange     '2.1.6',
229 silly addNameRange     '2.1.7',
229 silly addNameRange     '2.2.0',
229 silly addNameRange     '2.3.0',
229 silly addNameRange     '2.3.3',
229 silly addNameRange     '2.3.4',
229 silly addNameRange     '2.3.5',
229 silly addNameRange     '2.4.0',
229 silly addNameRange     '2.4.1',
229 silly addNameRange     '2.4.2',
229 silly addNameRange     '2.4.3',
229 silly addNameRange     '2.5.0',
229 silly addNameRange     '2.5.1',
229 silly addNameRange     '2.5.2',
229 silly addNameRange     '2.6.0',
229 silly addNameRange     '2.6.1' ] ]
230 silly addNamed gulp-concat@2.1.7
231 verbose addNamed "2.1.7" is a plain semver version for gulp-concat
232 http 304 https://registry.npmjs.org/useref
233 verbose headers { date: 'Sat, 21 Oct 2017 07:34:48 GMT',
233 verbose headers   via: '1.1 varnish',
233 verbose headers   'cache-control': 'max-age=300',
233 verbose headers   etag: 'W/"59dd5e7c-3ba9"',
233 verbose headers   age: '49',
233 verbose headers   connection: 'keep-alive',
233 verbose headers   'x-served-by': 'cache-bma7031-BMA',
233 verbose headers   'x-cache': 'HIT',
233 verbose headers   'x-cache-hits': '1',
233 verbose headers   'x-timer': 'S1508571289.951987,VS0,VE0',
233 verbose headers   vary: 'Accept-Encoding, Accept' }
234 silly get cb [ 304,
234 silly get   { date: 'Sat, 21 Oct 2017 07:34:48 GMT',
234 silly get     via: '1.1 varnish',
234 silly get     'cache-control': 'max-age=300',
234 silly get     etag: 'W/"59dd5e7c-3ba9"',
234 silly get     age: '49',
234 silly get     connection: 'keep-alive',
234 silly get     'x-served-by': 'cache-bma7031-BMA',
234 silly get     'x-cache': 'HIT',
234 silly get     'x-cache-hits': '1',
234 silly get     'x-timer': 'S1508571289.951987,VS0,VE0',
234 silly get     vary: 'Accept-Encoding, Accept' } ]
235 verbose etag https://registry.npmjs.org/useref from cache
236 verbose get saving useref to C:\Users\user\AppData\Roaming\npm-cache\registry.npmjs.org\useref\.cache.json
237 verbose correctMkdir C:\Users\user\AppData\Roaming\npm-cache correctMkdir not in flight; initializing
238 http 304 https://registry.npmjs.org/gulp-if
239 verbose headers { date: 'Sat, 21 Oct 2017 07:34:48 GMT',
239 verbose headers   via: '1.1 varnish',
239 verbose headers   'cache-control': 'max-age=300',
239 verbose headers   etag: 'W/"59e5b633-6b8d"',
239 verbose headers   age: '49',
239 verbose headers   connection: 'keep-alive',
239 verbose headers   'x-served-by': 'cache-bma7024-BMA',
239 verbose headers   'x-cache': 'HIT',
239 verbose headers   'x-cache-hits': '1',
239 verbose headers   'x-timer': 'S1508571289.953044,VS0,VE0',
239 verbose headers   vary: 'Accept-Encoding, Accept' }
240 silly get cb [ 304,
240 silly get   { date: 'Sat, 21 Oct 2017 07:34:48 GMT',
240 silly get     via: '1.1 varnish',
240 silly get     'cache-control': 'max-age=300',
240 silly get     etag: 'W/"59e5b633-6b8d"',
240 silly get     age: '49',
240 silly get     connection: 'keep-alive',
240 silly get     'x-served-by': 'cache-bma7024-BMA',
240 silly get     'x-cache': 'HIT',
240 silly get     'x-cache-hits': '1',
240 silly get     'x-timer': 'S1508571289.953044,VS0,VE0',
240 silly get     vary: 'Accept-Encoding, Accept' } ]
241 verbose etag https://registry.npmjs.org/gulp-if from cache
242 verbose get saving gulp-if to C:\Users\user\AppData\Roaming\npm-cache\registry.npmjs.org\gulp-if\.cache.json
243 verbose correctMkdir C:\Users\user\AppData\Roaming\npm-cache correctMkdir not in flight; initializing
244 http 304 https://registry.npmjs.org/gulp-uglify
245 verbose headers { date: 'Sat, 21 Oct 2017 07:34:48 GMT',
245 verbose headers   via: '1.1 varnish',
245 verbose headers   'cache-control': 'max-age=300',
245 verbose headers   etag: 'W/"59e9bf16-e316"',
245 verbose headers   age: '115',
245 verbose headers   connection: 'keep-alive',
245 verbose headers   'x-served-by': 'cache-bma7020-BMA',
245 verbose headers   'x-cache': 'HIT',
245 verbose headers   'x-cache-hits': '1',
245 verbose headers   'x-timer': 'S1508571289.953235,VS0,VE0',
245 verbose headers   vary: 'Accept-Encoding, Accept' }
246 silly get cb [ 304,
246 silly get   { date: 'Sat, 21 Oct 2017 07:34:48 GMT',
246 silly get     via: '1.1 varnish',
246 silly get     'cache-control': 'max-age=300',
246 silly get     etag: 'W/"59e9bf16-e316"',
246 silly get     age: '115',
246 silly get     connection: 'keep-alive',
246 silly get     'x-served-by': 'cache-bma7020-BMA',
246 silly get     'x-cache': 'HIT',
246 silly get     'x-cache-hits': '1',
246 silly get     'x-timer': 'S1508571289.953235,VS0,VE0',
246 silly get     vary: 'Accept-Encoding, Accept' } ]
247 verbose etag https://registry.npmjs.org/gulp-uglify from cache
248 verbose get saving gulp-uglify to C:\Users\user\AppData\Roaming\npm-cache\registry.npmjs.org\gulp-uglify\.cache.json
249 verbose correctMkdir C:\Users\user\AppData\Roaming\npm-cache correctMkdir not in flight; initializing
250 http 304 https://registry.npmjs.org/gulp-minify-css
251 verbose headers { date: 'Sat, 21 Oct 2017 07:34:48 GMT',
251 verbose headers   via: '1.1 varnish',
251 verbose headers   'cache-control': 'max-age=300',
251 verbose headers   etag: 'W/"59d4fdd0-10154"',
251 verbose headers   age: '49',
251 verbose headers   connection: 'keep-alive',
251 verbose headers   'x-served-by': 'cache-bma7032-BMA',
251 verbose headers   'x-cache': 'HIT',
251 verbose headers   'x-cache-hits': '1',
251 verbose headers   'x-timer': 'S1508571289.952925,VS0,VE0',
251 verbose headers   vary: 'Accept-Encoding, Accept' }
252 silly get cb [ 304,
252 silly get   { date: 'Sat, 21 Oct 2017 07:34:48 GMT',
252 silly get     via: '1.1 varnish',
252 silly get     'cache-control': 'max-age=300',
252 silly get     etag: 'W/"59d4fdd0-10154"',
252 silly get     age: '49',
252 silly get     connection: 'keep-alive',
252 silly get     'x-served-by': 'cache-bma7032-BMA',
252 silly get     'x-cache': 'HIT',
252 silly get     'x-cache-hits': '1',
252 silly get     'x-timer': 'S1508571289.952925,VS0,VE0',
252 silly get     vary: 'Accept-Encoding, Accept' } ]
253 verbose etag https://registry.npmjs.org/gulp-minify-css from cache
254 verbose get saving gulp-minify-css to C:\Users\user\AppData\Roaming\npm-cache\registry.npmjs.org\gulp-minify-css\.cache.json
255 verbose correctMkdir C:\Users\user\AppData\Roaming\npm-cache correctMkdir not in flight; initializing
256 http 304 https://registry.npmjs.org/lodash
257 verbose headers { date: 'Sat, 21 Oct 2017 07:34:48 GMT',
257 verbose headers   via: '1.1 varnish',
257 verbose headers   'cache-control': 'max-age=300',
257 verbose headers   etag: 'W/"59ea1cd4-2a14f"',
257 verbose headers   age: '252',
257 verbose headers   connection: 'keep-alive',
257 verbose headers   'x-served-by': 'cache-bma7035-BMA',
257 verbose headers   'x-cache': 'HIT',
257 verbose headers   'x-cache-hits': '107',
257 verbose headers   'x-timer': 'S1508571289.951914,VS0,VE0',
257 verbose headers   vary: 'Accept-Encoding, Accept' }
258 silly get cb [ 304,
258 silly get   { date: 'Sat, 21 Oct 2017 07:34:48 GMT',
258 silly get     via: '1.1 varnish',
258 silly get     'cache-control': 'max-age=300',
258 silly get     etag: 'W/"59ea1cd4-2a14f"',
258 silly get     age: '252',
258 silly get     connection: 'keep-alive',
258 silly get     'x-served-by': 'cache-bma7035-BMA',
258 silly get     'x-cache': 'HIT',
258 silly get     'x-cache-hits': '107',
258 silly get     'x-timer': 'S1508571289.951914,VS0,VE0',
258 silly get     vary: 'Accept-Encoding, Accept' } ]
259 verbose etag https://registry.npmjs.org/lodash from cache
260 verbose get saving lodash to C:\Users\user\AppData\Roaming\npm-cache\registry.npmjs.org\lodash\.cache.json
261 verbose correctMkdir C:\Users\user\AppData\Roaming\npm-cache correctMkdir not in flight; initializing
262 silly cache afterAdd gulp-concat@2.1.7
263 verbose afterAdd C:\Users\user\AppData\Roaming\npm-cache\gulp-concat\2.1.7\package\package.json not in flight; writing
264 verbose correctMkdir C:\Users\user\AppData\Roaming\npm-cache correctMkdir not in flight; initializing
265 silly cache afterAdd gulp@3.5.6
266 verbose afterAdd C:\Users\user\AppData\Roaming\npm-cache\gulp\3.5.6\package\package.json not in flight; writing
267 verbose correctMkdir C:\Users\user\AppData\Roaming\npm-cache correctMkdir not in flight; initializing
268 silly fetchNamedPackageData No valid target from cache, forcing network
269 verbose request uri https://registry.npmjs.org/useref
270 verbose request no auth needed
271 info attempt registry request try #1 at 3:36:16 PM
272 http request GET https://registry.npmjs.org/useref
273 silly resolveWithNewModule gulp-if@0.0.5 checking installable status
274 silly cache add args [ 'gulp-if@~0.0.5', null ]
275 verbose cache add spec gulp-if@~0.0.5
276 silly cache add parsed spec Result {
276 silly cache add   raw: 'gulp-if@~0.0.5',
276 silly cache add   scope: null,
276 silly cache add   escapedName: 'gulp-if',
276 silly cache add   name: 'gulp-if',
276 silly cache add   rawSpec: '~0.0.5',
276 silly cache add   spec: '>=0.0.5 <0.1.0',
276 silly cache add   type: 'range' }
277 silly addNamed gulp-if@>=0.0.5 <0.1.0
278 verbose addNamed ">=0.0.5 <0.1.0" is a valid semver range for gulp-if
279 silly addNameRange { name: 'gulp-if', range: '>=0.0.5 <0.1.0', hasData: false }
280 silly mapToRegistry name gulp-if
281 silly mapToRegistry using default registry
282 silly mapToRegistry registry https://registry.npmjs.org/
283 silly mapToRegistry data Result {
283 silly mapToRegistry   raw: 'gulp-if',
283 silly mapToRegistry   scope: null,
283 silly mapToRegistry   escapedName: 'gulp-if',
283 silly mapToRegistry   name: 'gulp-if',
283 silly mapToRegistry   rawSpec: '',
283 silly mapToRegistry   spec: 'latest',
283 silly mapToRegistry   type: 'tag' }
284 silly mapToRegistry uri https://registry.npmjs.org/gulp-if
285 verbose addNameRange registry:https://registry.npmjs.org/gulp-if not in flight; fetching
286 silly resolveWithNewModule gulp-minify-css@0.3.13 checking installable status
287 silly cache add args [ 'gulp-minify-css@~0.3.0', null ]
288 verbose cache add spec gulp-minify-css@~0.3.0
289 silly cache add parsed spec Result {
289 silly cache add   raw: 'gulp-minify-css@~0.3.0',
289 silly cache add   scope: null,
289 silly cache add   escapedName: 'gulp-minify-css',
289 silly cache add   name: 'gulp-minify-css',
289 silly cache add   rawSpec: '~0.3.0',
289 silly cache add   spec: '>=0.3.0 <0.4.0',
289 silly cache add   type: 'range' }
290 silly addNamed gulp-minify-css@>=0.3.0 <0.4.0
291 verbose addNamed ">=0.3.0 <0.4.0" is a valid semver range for gulp-minify-css
292 silly addNameRange { name: 'gulp-minify-css',
292 silly addNameRange   range: '>=0.3.0 <0.4.0',
292 silly addNameRange   hasData: false }
293 silly mapToRegistry name gulp-minify-css
294 silly mapToRegistry using default registry
295 silly mapToRegistry registry https://registry.npmjs.org/
296 silly mapToRegistry data Result {
296 silly mapToRegistry   raw: 'gulp-minify-css',
296 silly mapToRegistry   scope: null,
296 silly mapToRegistry   escapedName: 'gulp-minify-css',
296 silly mapToRegistry   name: 'gulp-minify-css',
296 silly mapToRegistry   rawSpec: '',
296 silly mapToRegistry   spec: 'latest',
296 silly mapToRegistry   type: 'tag' }
297 silly mapToRegistry uri https://registry.npmjs.org/gulp-minify-css
298 verbose addNameRange registry:https://registry.npmjs.org/gulp-minify-css not in flight; fetching
299 silly resolveWithNewModule lodash@2.4.2 checking installable status
300 silly cache add args [ 'lodash@~2.4.1', null ]
301 verbose cache add spec lodash@~2.4.1
302 silly cache add parsed spec Result {
302 silly cache add   raw: 'lodash@~2.4.1',
302 silly cache add   scope: null,
302 silly cache add   escapedName: 'lodash',
302 silly cache add   name: 'lodash',
302 silly cache add   rawSpec: '~2.4.1',
302 silly cache add   spec: '>=2.4.1 <2.5.0',
302 silly cache add   type: 'range' }
303 silly addNamed lodash@>=2.4.1 <2.5.0
304 verbose addNamed ">=2.4.1 <2.5.0" is a valid semver range for lodash
305 silly addNameRange { name: 'lodash', range: '>=2.4.1 <2.5.0', hasData: false }
306 silly mapToRegistry name lodash
307 silly mapToRegistry using default registry
308 silly mapToRegistry registry https://registry.npmjs.org/
309 silly mapToRegistry data Result {
309 silly mapToRegistry   raw: 'lodash',
309 silly mapToRegistry   scope: null,
309 silly mapToRegistry   escapedName: 'lodash',
309 silly mapToRegistry   name: 'lodash',
309 silly mapToRegistry   rawSpec: '',
309 silly mapToRegistry   spec: 'latest',
309 silly mapToRegistry   type: 'tag' }
310 silly mapToRegistry uri https://registry.npmjs.org/lodash
311 verbose addNameRange registry:https://registry.npmjs.org/lodash not in flight; fetching
312 silly resolveWithNewModule gulp-uglify@0.2.1 checking installable status
313 silly cache add args [ 'gulp-uglify@~0.2.0', null ]
314 verbose cache add spec gulp-uglify@~0.2.0
315 silly cache add parsed spec Result {
315 silly cache add   raw: 'gulp-uglify@~0.2.0',
315 silly cache add   scope: null,
315 silly cache add   escapedName: 'gulp-uglify',
315 silly cache add   name: 'gulp-uglify',
315 silly cache add   rawSpec: '~0.2.0',
315 silly cache add   spec: '>=0.2.0 <0.3.0',
315 silly cache add   type: 'range' }
316 silly addNamed gulp-uglify@>=0.2.0 <0.3.0
317 verbose addNamed ">=0.2.0 <0.3.0" is a valid semver range for gulp-uglify
318 silly addNameRange { name: 'gulp-uglify', range: '>=0.2.0 <0.3.0', hasData: false }
319 silly mapToRegistry name gulp-uglify
320 silly mapToRegistry using default registry
321 silly mapToRegistry registry https://registry.npmjs.org/
322 silly mapToRegistry data Result {
322 silly mapToRegistry   raw: 'gulp-uglify',
322 silly mapToRegistry   scope: null,
322 silly mapToRegistry   escapedName: 'gulp-uglify',
322 silly mapToRegistry   name: 'gulp-uglify',
322 silly mapToRegistry   rawSpec: '',
322 silly mapToRegistry   spec: 'latest',
322 silly mapToRegistry   type: 'tag' }
323 silly mapToRegistry uri https://registry.npmjs.org/gulp-uglify
324 verbose addNameRange registry:https://registry.npmjs.org/gulp-uglify not in flight; fetching
325 verbose afterAdd C:\Users\user\AppData\Roaming\npm-cache\gulp-concat\2.1.7\package\package.json written
326 verbose get https://registry.npmjs.org/gulp-if not expired, no request
327 silly addNameRange number 2 { name: 'gulp-if', range: '>=0.0.5 <0.1.0', hasData: true }
328 silly addNameRange versions [ 'gulp-if',
328 silly addNameRange   [ '0.0.3',
328 silly addNameRange     '0.0.4',
328 silly addNameRange     '0.0.5',
328 silly addNameRange     '1.0.0',
328 silly addNameRange     '1.1.0',
328 silly addNameRange     '1.2.0',
328 silly addNameRange     '1.2.1',
328 silly addNameRange     '1.2.2',
328 silly addNameRange     '1.2.3',
328 silly addNameRange     '1.2.4',
328 silly addNameRange     '1.2.5',
328 silly addNameRange     '2.0.0',
328 silly addNameRange     '2.0.1',
328 silly addNameRange     '2.0.2' ] ]
329 silly addNamed gulp-if@0.0.5
330 verbose addNamed "0.0.5" is a plain semver version for gulp-if
331 verbose afterAdd C:\Users\user\AppData\Roaming\npm-cache\gulp\3.5.6\package\package.json written
332 verbose get https://registry.npmjs.org/gulp-minify-css not expired, no request
333 silly addNameRange number 2 { name: 'gulp-minify-css',
333 silly addNameRange   range: '>=0.3.0 <0.4.0',
333 silly addNameRange   hasData: true }
334 silly addNameRange versions [ 'gulp-minify-css',
334 silly addNameRange   [ '0.0.1',
334 silly addNameRange     '0.1.0',
334 silly addNameRange     '0.2.0',
334 silly addNameRange     '0.3.0',
334 silly addNameRange     '0.3.1',
334 silly addNameRange     '0.3.2',
334 silly addNameRange     '0.3.3',
334 silly addNameRange     '0.3.4',
334 silly addNameRange     '0.3.5',
334 silly addNameRange     '0.3.6',
334 silly addNameRange     '0.3.7',
334 silly addNameRange     '0.3.8',
334 silly addNameRange     '0.3.9',
334 silly addNameRange     '0.3.10',
334 silly addNameRange     '0.3.11',
334 silly addNameRange     '0.3.12',
334 silly addNameRange     '0.3.13',
334 silly addNameRange     '0.4.0',
334 silly addNameRange     '0.4.1',
334 silly addNameRange     '0.4.2',
334 silly addNameRange     '0.4.3',
334 silly addNameRange     '0.4.4',
334 silly addNameRange     '0.4.5',
334 silly addNameRange     '0.4.6',
334 silly addNameRange     '0.5.0',
334 silly addNameRange     '0.5.1',
334 silly addNameRange     '1.0.0',
334 silly addNameRange     '1.1.0',
334 silly addNameRange     '1.1.1',
334 silly addNameRange     '1.1.2',
334 silly addNameRange     '1.1.2-1',
334 silly addNameRange     '1.1.3',
334 silly addNameRange     '1.1.4',
334 silly addNameRange     '1.1.5',
334 silly addNameRange     '1.1.6',
334 silly addNameRange     '1.2.0',
334 silly addNameRange     '1.2.1',
334 silly addNameRange     '1.2.2',
334 silly addNameRange     '1.2.3',
334 silly addNameRange     '1.2.4' ] ]
335 silly addNamed gulp-minify-css@0.3.13
336 verbose addNamed "0.3.13" is a plain semver version for gulp-minify-css
337 warn deprecated gulp-minify-css@0.3.13: Please use gulp-clean-css
338 verbose get https://registry.npmjs.org/gulp-uglify not expired, no request
339 silly addNameRange number 2 { name: 'gulp-uglify', range: '>=0.2.0 <0.3.0', hasData: true }
340 silly addNameRange versions [ 'gulp-uglify',
340 silly addNameRange   [ '0.0.1',
340 silly addNameRange     '0.0.3',
340 silly addNameRange     '0.0.4',
340 silly addNameRange     '0.1.0',
340 silly addNameRange     '0.2.0',
340 silly addNameRange     '0.2.1',
340 silly addNameRange     '0.3.0',
340 silly addNameRange     '0.3.1',
340 silly addNameRange     '0.3.2',
340 silly addNameRange     '1.0.0-0',
340 silly addNameRange     '1.0.0',
340 silly addNameRange     '1.0.1',
340 silly addNameRange     '1.0.2',
340 silly addNameRange     '1.1.0',
340 silly addNameRange     '1.2.0',
340 silly addNameRange     '1.3.0',
340 silly addNameRange     '1.4.0',
340 silly addNameRange     '1.4.1',
340 silly addNameRange     '1.4.2',
340 silly addNameRange     '1.5.1',
340 silly addNameRange     '1.5.2',
340 silly addNameRange     '1.5.3',
340 silly addNameRange     '1.5.4',
340 silly addNameRange     '2.0.0',
340 silly addNameRange     '2.0.1',
340 silly addNameRange     '2.1.0',
340 silly addNameRange     '2.1.1',
340 silly addNameRange     '2.1.2',
340 silly addNameRange     '3.0.0' ] ]
341 silly addNamed gulp-uglify@0.2.1
342 verbose addNamed "0.2.1" is a plain semver version for gulp-uglify
343 verbose get https://registry.npmjs.org/lodash not expired, no request
344 silly addNameRange number 2 { name: 'lodash', range: '>=2.4.1 <2.5.0', hasData: true }
345 silly addNameRange versions [ 'lodash',
345 silly addNameRange   [ '0.1.0',
345 silly addNameRange     '0.2.0',
345 silly addNameRange     '0.2.1',
345 silly addNameRange     '0.2.2',
345 silly addNameRange     '0.3.0',
345 silly addNameRange     '0.3.1',
345 silly addNameRange     '0.3.2',
345 silly addNameRange     '0.4.0',
345 silly addNameRange     '0.4.1',
345 silly addNameRange     '0.4.2',
345 silly addNameRange     '0.5.0-rc.1',
345 silly addNameRange     '0.5.0',
345 silly addNameRange     '0.5.1',
345 silly addNameRange     '0.5.2',
345 silly addNameRange     '0.6.0',
345 silly addNameRange     '0.6.1',
345 silly addNameRange     '0.7.0',
345 silly addNameRange     '0.8.0',
345 silly addNameRange     '0.8.1',
345 silly addNameRange     '0.8.2',
345 silly addNameRange     '0.9.0',
345 silly addNameRange     '0.9.1',
345 silly addNameRange     '0.9.2',
345 silly addNameRange     '0.10.0',
345 silly addNameRange     '1.0.0-rc.1',
345 silly addNameRange     '1.0.0-rc.2',
345 silly addNameRange     '1.0.0-rc.3',
345 silly addNameRange     '1.0.0',
345 silly addNameRange     '1.0.1',
345 silly addNameRange     '1.1.0',
345 silly addNameRange     '1.1.1',
345 silly addNameRange     '1.2.0',
345 silly addNameRange     '1.2.1',
345 silly addNameRange     '1.3.0',
345 silly addNameRange     '1.3.1',
345 silly addNameRange     '2.0.0',
345 silly addNameRange     '2.1.0',
345 silly addNameRange     '2.2.0',
345 silly addNameRange     '2.2.1',
345 silly addNameRange     '2.3.0',
345 silly addNameRange     '2.4.0',
345 silly addNameRange     '2.4.1',
345 silly addNameRange     '3.0.0',
345 silly addNameRange     '3.0.1',
345 silly addNameRange     '3.1.0',
345 silly addNameRange     '3.2.0',
345 silly addNameRange     '3.3.0',
345 silly addNameRange     '3.3.1',
345 silly addNameRange     '3.4.0',
345 silly addNameRange     '3.5.0',
345 silly addNameRange     '3.6.0',
345 silly addNameRange     '1.0.2',
345 silly addNameRange     '3.7.0',
345 silly addNameRange     '2.4.2',
345 silly addNameRange     '3.8.0',
345 silly addNameRange     '3.9.0',
345 silly addNameRange     '3.9.1',
345 silly addNameRange     '3.9.2',
345 silly addNameRange     '3.9.3',
345 silly addNameRange     '3.10.0',
345 silly addNameRange     '3.10.1',
345 silly addNameRange     '4.0.0',
345 silly addNameRange     '4.0.1',
345 silly addNameRange     '4.1.0',
345 silly addNameRange     '4.2.0',
345 silly addNameRange     '4.2.1',
345 silly addNameRange     '4.3.0',
345 silly addNameRange     '4.4.0',
345 silly addNameRange     '4.5.0',
345 silly addNameRange     '4.5.1',
345 silly addNameRange     '4.6.0',
345 silly addNameRange     '4.6.1',
345 silly addNameRange     '4.7.0',
345 silly addNameRange     '4.8.0',
345 silly addNameRange     '4.8.1',
345 silly addNameRange     '4.8.2',
345 silly addNameRange     '4.9.0',
345 silly addNameRange     '4.10.0',
345 silly addNameRange     '4.11.0',
345 silly addNameRange     '4.11.1',
345 silly addNameRange     '4.11.2',
345 silly addNameRange     '4.12.0',
345 silly addNameRange     '4.13.0',
345 silly addNameRange     '4.13.1',
345 silly addNameRange     '4.14.0',
345 silly addNameRange     '4.14.1',
345 silly addNameRange     '4.14.2',
345 silly addNameRange     '4.15.0',
345 silly addNameRange     '4.16.0',
345 silly addNameRange     '4.16.1',
345 silly addNameRange     '4.16.2',
345 silly addNameRange     '4.16.3',
345 silly addNameRange     '4.16.4',
345 silly addNameRange     '4.16.5',
345 silly addNameRange     '4.16.6',
345 silly addNameRange     '4.17.0',
345 silly addNameRange     '4.17.1',
345 silly addNameRange     '4.17.2',
345 silly addNameRange     '4.17.3',
345 silly addNameRange     '4.17.4' ] ]
346 silly addNamed lodash@2.4.2
347 verbose addNamed "2.4.2" is a plain semver version for lodash
348 silly cache afterAdd gulp-minify-css@0.3.13
349 verbose afterAdd C:\Users\user\AppData\Roaming\npm-cache\gulp-minify-css\0.3.13\package\package.json not in flight; writing
350 verbose correctMkdir C:\Users\user\AppData\Roaming\npm-cache correctMkdir not in flight; initializing
351 silly cache afterAdd gulp-if@0.0.5
352 verbose afterAdd C:\Users\user\AppData\Roaming\npm-cache\gulp-if\0.0.5\package\package.json not in flight; writing
353 verbose correctMkdir C:\Users\user\AppData\Roaming\npm-cache correctMkdir not in flight; initializing
354 silly cache afterAdd lodash@2.4.2
355 verbose afterAdd C:\Users\user\AppData\Roaming\npm-cache\lodash\2.4.2\package\package.json not in flight; writing
356 verbose correctMkdir C:\Users\user\AppData\Roaming\npm-cache correctMkdir not in flight; initializing
357 silly cache afterAdd gulp-uglify@0.2.1
358 verbose afterAdd C:\Users\user\AppData\Roaming\npm-cache\gulp-uglify\0.2.1\package\package.json not in flight; writing
359 verbose correctMkdir C:\Users\user\AppData\Roaming\npm-cache correctMkdir not in flight; initializing
360 verbose afterAdd C:\Users\user\AppData\Roaming\npm-cache\gulp-minify-css\0.3.13\package\package.json written
361 verbose afterAdd C:\Users\user\AppData\Roaming\npm-cache\gulp-if\0.0.5\package\package.json written
362 verbose afterAdd C:\Users\user\AppData\Roaming\npm-cache\gulp-uglify\0.2.1\package\package.json written
363 verbose afterAdd C:\Users\user\AppData\Roaming\npm-cache\lodash\2.4.2\package\package.json written
364 http 200 https://registry.npmjs.org/useref
365 verbose headers { server: 'nginx/1.10.1',
365 verbose headers   'content-type': 'application/json',
365 verbose headers   'last-modified': 'Tue, 10 Oct 2017 23:57:48 GMT',
365 verbose headers   etag: 'W/"59dd5e7c-3ba9"',
365 verbose headers   'content-encoding': 'gzip',
365 verbose headers   'cache-control': 'max-age=300',
365 verbose headers   'content-length': '3737',
365 verbose headers   'accept-ranges': 'bytes',
365 verbose headers   date: 'Sat, 21 Oct 2017 07:34:49 GMT',
365 verbose headers   via: '1.1 varnish',
365 verbose headers   age: '49',
365 verbose headers   connection: 'keep-alive',
365 verbose headers   'x-served-by': 'cache-bma7026-BMA',
365 verbose headers   'x-cache': 'HIT',
365 verbose headers   'x-cache-hits': '3',
365 verbose headers   'x-timer': 'S1508571289.086464,VS0,VE0',
365 verbose headers   vary: 'Accept-Encoding, Accept' }
366 silly get cb [ 200,
366 silly get   { server: 'nginx/1.10.1',
366 silly get     'content-type': 'application/json',
366 silly get     'last-modified': 'Tue, 10 Oct 2017 23:57:48 GMT',
366 silly get     etag: 'W/"59dd5e7c-3ba9"',
366 silly get     'content-encoding': 'gzip',
366 silly get     'cache-control': 'max-age=300',
366 silly get     'content-length': '3737',
366 silly get     'accept-ranges': 'bytes',
366 silly get     date: 'Sat, 21 Oct 2017 07:34:49 GMT',
366 silly get     via: '1.1 varnish',
366 silly get     age: '49',
366 silly get     connection: 'keep-alive',
366 silly get     'x-served-by': 'cache-bma7026-BMA',
366 silly get     'x-cache': 'HIT',
366 silly get     'x-cache-hits': '3',
366 silly get     'x-timer': 'S1508571289.086464,VS0,VE0',
366 silly get     vary: 'Accept-Encoding, Accept' } ]
367 verbose get saving useref to C:\Users\user\AppData\Roaming\npm-cache\registry.npmjs.org\useref\.cache.json
368 verbose correctMkdir C:\Users\user\AppData\Roaming\npm-cache correctMkdir not in flight; initializing
369 silly fetchPackageMetaData Error: No compatible version found: useref@~0.1.0
369 silly fetchPackageMetaData Valid install targets:
369 silly fetchPackageMetaData 1.3.0, 1.2.0, 1.1.2, 1.1.1, 1.1.0, 1.0.0
369 silly fetchPackageMetaData
369 silly fetchPackageMetaData     at pickVersionFromRegistryDocument (C:\Program Files\nodejs\node_modules\npm\lib\fetch-package-metadata.js:178:16)
369 silly fetchPackageMetaData     at C:\Program Files\nodejs\node_modules\npm\node_modules\iferr\index.js:13:50
369 silly fetchPackageMetaData     at C:\Program Files\nodejs\node_modules\npm\lib\utils\pulse-till-done.js:20:8
369 silly fetchPackageMetaData     at saved (C:\Program Files\nodejs\node_modules\npm\lib\cache\caching-client.js:174:7)
369 silly fetchPackageMetaData     at C:\Program Files\nodejs\node_modules\npm\node_modules\graceful-fs\polyfills.js:241:18
369 silly fetchPackageMetaData     at FSReqWrap.oncomplete (fs.js:123:15)
369 silly fetchPackageMetaData  error for useref@~0.1.0 { Error: No compatible version found: useref@~0.1.0
369 silly fetchPackageMetaData Valid install targets:
369 silly fetchPackageMetaData 1.3.0, 1.2.0, 1.1.2, 1.1.1, 1.1.0, 1.0.0
369 silly fetchPackageMetaData
369 silly fetchPackageMetaData     at pickVersionFromRegistryDocument (C:\Program Files\nodejs\node_modules\npm\lib\fetch-package-metadata.js:178:16)
369 silly fetchPackageMetaData     at C:\Program Files\nodejs\node_modules\npm\node_modules\iferr\index.js:13:50
369 silly fetchPackageMetaData     at C:\Program Files\nodejs\node_modules\npm\lib\utils\pulse-till-done.js:20:8
369 silly fetchPackageMetaData     at saved (C:\Program Files\nodejs\node_modules\npm\lib\cache\caching-client.js:174:7)
369 silly fetchPackageMetaData     at C:\Program Files\nodejs\node_modules\npm\node_modules\graceful-fs\polyfills.js:241:18
369 silly fetchPackageMetaData     at FSReqWrap.oncomplete (fs.js:123:15) code: 'ETARGET' }
370 silly rollbackFailedOptional Starting
371 silly rollbackFailedOptional Finishing
372 silly runTopLevelLifecycles Finishing
373 silly install printInstalled
374 verbose stack Error: No compatible version found: useref@~0.1.0
374 verbose stack Valid install targets:
374 verbose stack 1.3.0, 1.2.0, 1.1.2, 1.1.1, 1.1.0, 1.0.0
374 verbose stack
374 verbose stack     at pickVersionFromRegistryDocument (C:\Program Files\nodejs\node_modules\npm\lib\fetch-package-metadata.js:178:16)
374 verbose stack     at C:\Program Files\nodejs\node_modules\npm\node_modules\iferr\index.js:13:50
374 verbose stack     at C:\Program Files\nodejs\node_modules\npm\lib\utils\pulse-till-done.js:20:8
374 verbose stack     at saved (C:\Program Files\nodejs\node_modules\npm\lib\cache\caching-client.js:174:7)
374 verbose stack     at C:\Program Files\nodejs\node_modules\npm\node_modules\graceful-fs\polyfills.js:241:18
374 verbose stack     at FSReqWrap.oncomplete (fs.js:123:15)
375 verbose cwd E:\Grraoo\Work\tests\test-wall
376 error Windows_NT 10.0.15063
377 error argv "C:\\Program Files\\nodejs\\node.exe" "C:\\Program Files\\nodejs\\node_modules\\npm\\bin\\npm-cli.js" "install" "--save-dev" "gulp-bundle"
378 error node v6.11.0
379 error npm  v3.10.10
380 error code ETARGET
381 error notarget No compatible version found: useref@~0.1.0
381 error notarget Valid install targets:
381 error notarget 1.3.0, 1.2.0, 1.1.2, 1.1.1, 1.1.0, 1.0.0
382 error notarget This is most likely not a problem with npm itself.
382 error notarget In most cases you or one of your dependencies are requesting
382 error notarget a package version that doesn't exist.
382 error notarget
382 error notarget It was specified as a dependency of 'gulp-bundle'
383 verbose exit [ 1, true ]
